app/build/outputs/logs/manifest-merger-debug-report.txt
-- Merging decision tree log ---
manifest
ADDED from src\main\AndroidManifest.xml:2:1-45:12
	package
		ADDED from src\main\AndroidManifest.xml:3:7-35
		INJECTED from src\main\AndroidManifest.xml
		INJECTED from src\main\AndroidManifest.xml
	android:versionName
		ADDED from src\main\AndroidManifest.xml:5:7-32
		INJECTED from src\main\AndroidManifest.xml
		INJECTED from src\main\AndroidManifest.xml
	android:versionCode
		ADDED from src\main\AndroidManifest.xml:4:7-30
		INJECTED from src\main\AndroidManifest.xml
		INJECTED from src\main\AndroidManifest.xml
	xmlns:android
		ADDED from src\main\AndroidManifest.xml:2:11-69
application
ADDED from src\main\AndroidManifest.xml:6:5-37:19
	android:label
		ADDED from src\main\AndroidManifest.xml:6:48-80
	android:icon
		ADDED from src\main\AndroidManifest.xml:6:18-47
activity#edu.neusoft.Client.common.ClientStart
ADDED from src\main\AndroidManifest.xml:7:9-14:20
	android:label
		ADDED from src\main\AndroidManifest.xml:8:19-51
	android:name
		ADDED from src\main\AndroidManifest.xml:7:19-53
intent-filter#android.intent.action.MAIN+android.intent.category.LAUNCHER
ADDED from src\main\AndroidManifest.xml:9:13-12:29
action#android.intent.action.MAIN
ADDED from src\main\AndroidManifest.xml:10:17-69
	android:name
		ADDED from src\main\AndroidManifest.xml:10:25-66
category#android.intent.category.LAUNCHER
ADDED from src\main\AndroidManifest.xml:11:17-77
	android:name
		ADDED from src\main\AndroidManifest.xml:11:27-74
activity#edu.neusoft.Client.device.DeviceControl
ADDED from src\main\AndroidManifest.xml:15:3-16:20
	android:name
		ADDED from src\main\AndroidManifest.xml:15:13-49
activity#edu.neusoft.Client.SystemSet.SystemSet
ADDED from src\main\AndroidManifest.xml:17:3-18:21
	android:name
		ADDED from src\main\AndroidManifest.xml:17:13-48
activity#edu.neusoft.Client.device.Lights
ADDED from src\main\AndroidManifest.xml:19:9-20:14
	android:name
		ADDED from src\main\AndroidManifest.xml:19:19-48
activity#edu.neusoft.Client.personposition.PersonPosition
ADDED from src\main\AndroidManifest.xml:21:3-22:14
	android:name
		ADDED from src\main\AndroidManifest.xml:21:13-58
activity#edu.neusoft.Client.temperature.Temperature
ADDED from src\main\AndroidManifest.xml:23:3-24:14
	android:name
		ADDED from src\main\AndroidManifest.xml:23:13-52
activity#edu.neusoft.Client.Weather.Weather01.Lixiang.Weather01
ADDED from src\main\AndroidManifest.xml:25:3-66
	android:name
		ADDED from src\main\AndroidManifest.xml:25:13-64
activity#edu.neusoft.Client.Weather.Weather01.Lixiang.Lx_weather
ADDED from src\main\AndroidManifest.xml:26:9-73
	android:name
		ADDED from src\main\AndroidManifest.xml:26:19-71
activity#edu.neusoft.Client.Weather.Weather01.Lixiang.Lx_history
ADDED from src\main\AndroidManifest.xml:27:9-73
	android:name
		ADDED from src\main\AndroidManifest.xml:27:19-71
activity#edu.neusoft.Client.Weather.Weather01.Lixiang.Lx_setup
ADDED from src\main\AndroidManifest.xml:28:9-71
	android:name
		ADDED from src\main\AndroidManifest.xml:28:19-69
receiver#edu.neusoft.Client.Weather.Weather01.Service.lx_SmsReceiver
ADDED from src\main\AndroidManifest.xml:29:3-35:17
	android:name
		ADDED from src\main\AndroidManifest.xml:29:13-69
intent-filter#android.provider.Telephony.SMS_RECEIVED
ADDED from src\main\AndroidManifest.xml:30:9-34:25
action#android.provider.Telephony.SMS_RECEIVED
ADDED from src\main\AndroidManifest.xml:31:11-33:6
	android:name
		ADDED from src\main\AndroidManifest.xml:31:19-73
service#edu.neusoft.Client.Weather.Weather01.Service.lx_WeatherService
ADDED from src\main\AndroidManifest.xml:36:6-76
	android:name
		ADDED from src\main\AndroidManifest.xml:36:15-74
uses-permission#android.permission.INTERNET
ADDED from src\main\AndroidManifest.xml:39:5-67
	android:name
		ADDED from src\main\AndroidManifest.xml:39:22-64
uses-permission#android.permission.RECEIVE_SMS
ADDED from src\main\AndroidManifest.xml:40:4-68
	android:name
		ADDED from src\main\AndroidManifest.xml:40:21-66
uses-permission#android.permission.SEND_SMS
ADDED from src\main\AndroidManifest.xml:41:4-65
	android:name
		ADDED from src\main\AndroidManifest.xml:41:21-63
uses-sdk
ADDED from src\main\AndroidManifest.xml:43:5-43
	android:targetSdkVersion
		INJECTED from src\main\AndroidManifest.xml
		INJECTED from src\main\AndroidManifest.xml
	android:minSdkVersion
		ADDED from src\main\AndroidManifest.xml:43:15-40
		INJECTED from src\main\AndroidManifest.xml
		INJECTED from src\main\AndroidManifest.xml